702
32 33 13 13
44 45 13 13
56 58 13 13
29 29 14 14
34 35 14 14
41 41 14 14
46 46 14 14
48 48 14 14
53 54 14 14
56 60 14 14
26 26 15 15
28 28 15 15
34 38 15 15
40 41 15 15
47 51 15 15
56 62 15 15
65 128 1 16
24 25 16 16
28 32 16 16
36 36 16 16
41 43 16 16
46 46 16 16
48 49 16 16
51 52 16 16
58 63 16 16
29 31 17 17
35 35 17 17
42 45 17 17
48 52 17 17
54 54 17 17
58 64 17 17
66 128 17 18
30 34 18 18
44 44 18 18
46 57 18 18
62 64 18 18
21 21 19 19
30 30 19 19
45 57 19 19
63 63 19 19
24 24 20 20
26 26 20 20
45 58 20 20
23 23 21 21
31 34 21 21
44 60 21 21
18 18 22 22
28 28 22 22
32 36 22 22
43 57 22 22
65 128 19 23
26 28 23 23
30 31 23 23
33 35 23 23
40 57 23 23
20 20 24 24
32 33 24 24
35 35 24 24
37 38 24 24
40 44 24 24
46 54 24 24
65 65 24 24
67 128 24 24
16 16 24 25
18 18 25 25
23 24 25 25
32 34 25 25
36 54 25 25
60 60 25 25
62 63 25 25
65 67 25 25
69 70 25 25
73 128 25 25
26 26 25 26
22 24 26 26
34 54 26 26
57 58 26 26
65 68 26 26
70 73 26 26
75 128 26 26
15 15 26 27
33 34 27 27
36 50 27 27
52 53 27 27
56 56 27 27
60 60 27 27
71 72 27 27
76 128 27 27
21 22 27 28
65 66 27 28
14 14 28 28
33 51 28 28
53 53 28 28
63 63 28 28
68 68 28 28
71 74 28 28
77 128 28 29
19 21 29 29
30 30 29 29
32 50 29 29
52 52 29 29
65 65 29 29
67 69 29 29
72 72 29 29
74 74 29 29
14 14 30 30
18 20 30 30
29 29 30 30
31 31 30 30
33 50 30 30
56 56 30 30
65 71 30 30
74 75 30 30
77 77 30 30
80 128 30 30
19 19 31 31
29 50 31 31
62 70 31 31
73 79 31 31
81 82 31 31
84 128 31 31
13 13 32 32
17 18 32 32
30 30 32 32
32 49 32 32
57 57 32 32
62 63 32 32
67 68 32 32
70 79 32 32
86 128 32 32
14 14 33 33
16 17 33 33
29 48 33 33
54 54 33 33
57 58 33 33
65 65 33 33
72 79 33 33
87 128 33 33
83 84 32 34
15 15 34 34
29 34 34 34
36 41 34 34
46 47 34 34
52 52 34 34
55 55 34 34
70 70 34 34
72 80 34 34
65 66 34 35
88 128 34 35
28 28 35 35
30 30 35 35
32 35 35 35
37 40 35 35
50 50 35 35
53 53 35 35
68 68 35 35
71 71 35 35
83 83 35 35
15 16 35 36
85 85 35 36
28 40 36 36
51 52 36 36
65 68 36 36
87 87 36 36
73 81 35 37
89 128 36 37
28 34 37 37
36 36 37 37
39 40 37 37
48 49 37 37
65 65 37 37
68 68 37 37
84 86 37 37
26 38 38 38
47 49 38 38
60 60 38 38
64 64 38 38
66 67 38 38
77 82 38 38
86 86 38 39
88 88 38 39
90 128 38 39
25 37 39 39
46 48 39 39
58 59 39 39
65 65 39 39
77 84 39 39
15 15 37 40
24 25 40 40
28 38 40 40
61 62 40 40
64 65 40 40
68 68 40 40
77 78 40 40
82 82 40 40
85 128 40 40
45 45 40 41
15 18 41 41
20 24 41 41
28 28 41 41
30 34 41 41
47 47 41 41
60 60 41 41
62 62 41 41
64 64 41 41
74 75 41 41
79 80 41 41
85 102 41 41
104 105 41 41
109 128 41 41
46 46 42 42
58 58 42 42
60 61 42 42
63 64 42 42
74 74 42 42
79 83 42 42
86 100 42 42
102 109 42 42
112 128 42 42
47 48 43 43
50 50 43 43
57 57 43 43
59 64 43 43
85 111 43 43
113 128 43 43
80 82 43 44
48 49 44 44
53 53 44 44
56 56 44 44
58 58 44 44
61 64 44 44
87 97 44 44
99 101 44 44
103 103 44 44
105 107 44 44
109 112 44 44
114 128 44 44
49 53 45 45
55 57 45 45
60 64 45 45
81 81 45 45
83 84 45 45
88 100 45 45
102 110 45 45
112 113 45 45
115 128 45 45
53 55 46 46
81 83 46 46
87 95 46 46
97 111 46 46
113 114 46 46
57 64 46 47
116 128 46 47
21 21 47 47
31 33 47 47
73 73 47 47
77 77 47 47
80 95 47 47
97 98 47 47
100 114 47 47
42 42 48 48
56 64 48 48
78 97 48 48
99 112 48 48
114 128 48 48
18 18 48 49
22 22 48 49
34 34 49 49
46 46 49 49
57 57 49 49
59 64 49 49
78 86 49 49
90 93 49 49
95 98 49 49
100 115 49 49
20 20 50 50
33 33 50 50
42 42 50 50
60 64 50 50
77 84 50 50
87 91 50 50
101 112 50 50
114 115 50 51
45 45 51 51
62 64 51 51
77 82 51 51
85 87 51 51
89 91 51 51
104 112 51 51
117 128 49 52
64 64 52 52
76 84 52 52
86 88 52 52
102 102 52 52
104 115 52 52
55 55 53 53
76 86 53 53
105 128 53 53
90 91 52 54
88 88 53 54
54 54 54 54
56 56 54 54
64 64 54 54
81 86 54 54
107 112 54 54
114 128 54 54
77 79 54 55
37 37 55 55
57 57 55 55
81 91 55 55
107 114 55 55
116 128 55 56
35 35 56 56
53 53 56 56
64 64 56 56
75 78 56 56
80 81 56 56
83 91 56 56
108 111 56 56
113 114 56 56
17 17 57 57
35 37 57 57
54 54 57 57
56 56 57 57
63 64 57 57
76 78 57 57
80 91 57 57
108 128 57 57
18 18 58 58
34 34 58 58
38 38 58 58
64 64 58 58
79 81 58 58
83 91 58 58
109 111 58 58
113 128 58 58
93 94 50 59
75 77 58 59
19 20 59 59
32 33 59 59
62 64 59 59
79 86 59 59
88 91 59 59
99 99 59 59
109 113 59 59
115 128 59 59
21 21 60 60
31 33 60 60
39 40 60 60
61 64 60 60
75 91 60 60
93 96 60 60
104 104 60 60
23 23 61 61
25 27 61 61
30 30 61 61
40 40 61 61
62 64 61 61
74 77 61 61
79 84 61 61
87 91 61 61
108 128 60 62
93 94 61 62
29 29 62 62
41 41 62 62
60 64 62 62
73 77 62 62
79 87 62 62
90 91 62 62
96 97 62 62
99 102 62 62
104 104 62 62
53 53 63 63
61 62 63 63
67 67 63 63
73 91 63 63
93 95 63 63
97 106 63 63
109 128 63 63
42 42 63 64
45 45 64 64
50 50 64 64
52 53 64 64
59 59 64 64
66 66 64 64
68 68 64 64
72 76 64 64
78 84 64 64
87 90 64 64
92 98 64 64
100 102 64 64
104 106 64 64
110 128 64 64
1 44 65 65
52 57 65 65
60 60 65 65
62 64 65 65
70 70 65 65
77 78 65 65
82 82 65 65
98 103 65 65
108 109 65 65
114 114 65 65
1 56 66 66
65 66 66 66
69 69 66 66
79 81 66 66
97 105 66 66
107 108 66 66
112 112 66 66
1 25 67 67
27 56 67 67
62 62 67 67
65 67 67 67
95 108 67 67
1 56 68 68
58 58 68 68
65 66 68 68
77 77 68 68
94 106 68 68
108 109 68 68
1 24 69 69
29 61 69 69
64 65 69 69
80 80 69 69
82 83 69 69
95 109 69 69
1 23 70 70
30 64 70 70
95 95 70 71
97 110 70 71
1 21 71 71
23 27 71 71
30 32 71 71
35 37 71 71
41 43 71 71
53 55 71 71
58 62 71 71
67 68 71 71
76 76 71 71
46 49 71 72
1 18 72 72
20 21 72 72
25 25 72 72
27 27 72 72
30 31 72 72
33 33 72 72
37 37 72 72
41 41 72 72
53 53 72 72
55 55 72 72
59 59 72 72
63 63 72 72
66 69 72 72
71 71 72 72
95 110 72 72
1 21 73 73
27 31 73 73
38 38 73 73
40 41 73 73
46 48 73 73
50 50 73 73
53 54 73 73
61 61 73 73
68 68 73 73
88 88 73 73
95 109 73 73
23 23 72 74
118 118 73 74
19 21 74 74
28 28 74 74
30 32 74 74
34 34 74 74
36 40 74 74
43 43 74 74
45 50 74 74
52 52 74 74
57 57 74 74
60 60 74 74
63 64 74 74
66 70 74 74
76 76 74 74
95 110 74 74
22 26 75 75
37 41 75 75
47 51 75 75
57 60 75 75
65 67 75 75
70 71 75 75
77 77 75 75
88 88 75 75
95 95 75 75
97 108 75 75
110 110 75 75
116 116 75 75
1 17 74 76
19 19 75 76
24 24 76 76
26 26 76 76
28 28 76 76
36 41 76 76
46 50 76 76
52 54 76 76
56 59 76 76
66 66 76 76
68 68 76 76
70 70 76 76
80 80 76 76
95 106 76 76
108 110 76 76
119 119 76 76
30 31 75 77
75 76 76 77
1 23 77 77
27 27 77 77
35 35 77 77
37 41 77 77
47 48 77 77
51 51 77 77
57 57 77 77
59 59 77 77
65 67 77 77
78 78 77 77
81 81 77 77
101 103 77 77
105 105 77 77
109 110 77 77
116 116 77 77
92 92 69 78
63 63 75 78
72 72 77 78
95 99 77 78
1 21 78 78
23 23 78 78
26 26 78 78
28 28 78 78
31 31 78 78
37 38 78 78
40 40 78 78
42 42 78 78
47 49 78 78
53 53 78 78
60 60 78 78
66 66 78 78
68 70 78 78
75 79 78 78
84 84 78 78
86 86 78 78
102 102 78 78
108 111 78 78
58 58 78 79
18 18 79 79
20 21 79 79
26 31 79 79
33 33 79 79
38 38 79 79
41 41 79 79
47 47 79 79
54 55 79 79
60 61 79 79
66 71 79 79
76 80 79 79
94 94 79 79
97 98 79 79
106 111 79 79
119 119 78 80
1 16 79 80
19 19 80 80
31 31 80 80
35 37 80 80
41 43 80 80
46 52 80 80
54 64 80 80
75 79 80 80
107 111 80 80
117 117 79 81
29 29 80 81
31 64 81 81
75 80 81 81
20 26 81 82
105 110 81 82
29 33 82 82
36 37 82 82
40 40 82 82
46 53 82 82
55 58 82 82
64 64 82 82
75 81 82 82
60 61 82 83
19 26 83 83
38 42 83 83
44 45 83 83
47 47 83 83
49 51 83 83
57 58 83 83
106 110 83 83
1 17 81 84
29 32 83 84
22 25 84 84
38 39 84 84
41 44 84 84
46 48 84 84
51 53 84 84
57 60 84 84
63 64 84 84
120 120 84 84
1 16 85 85
22 23 85 85
38 40 85 85
42 49 85 85
54 55 85 85
60 61 85 85
74 81 83 86
106 111 84 86
27 32 85 86
34 34 85 86
57 58 85 86
36 38 86 86
42 48 86 86
50 51 86 86
55 55 86 86
62 65 86 86
1 17 86 87
53 53 86 87
28 32 87 87
35 37 87 87
39 39 87 87
41 44 87 87
46 48 87 87
50 50 87 87
57 60 87 87
65 65 87 87
74 80 87 87
105 111 87 87
118 119 87 87
1 19 88 88
34 34 88 88
36 37 88 88
43 44 88 88
47 47 88 88
49 50 88 88
52 53 88 88
61 62 88 88
65 66 88 88
74 81 88 88
26 32 88 89
104 111 88 89
45 45 89 89
47 48 89 89
54 54 89 89
59 59 89 89
62 64 89 89
66 66 89 89
74 82 89 89
1 20 89 90
25 32 90 90
34 37 90 90
40 41 90 90
45 47 90 90
49 52 90 90
60 66 90 90
74 81 90 90
104 110 90 91
74 83 91 91
76 82 92 92
84 84 92 92
102 111 92 92
76 83 93 93
85 85 93 93
100 111 93 93
76 84 94 94
87 87 94 94
99 99 94 94
101 111 94 94
75 88 95 95
90 95 95 95
99 109 95 95
75 109 96 96
76 109 97 97
77 110 98 98
76 109 99 99
77 108 100 100
78 109 101 101
77 107 102 102
79 108 103 103
78 106 104 104
80 107 105 105
80 106 106 106
80 104 107 107
106 106 107 107
81 104 108 108
82 82 109 109
84 102 109 109
85 102 110 110
85 85 111 111
87 99 111 111
101 101 111 111
87 87 112 112
89 96 112 112
98 98 112 112
91 95 113 113
1 64 91 128
