VGZSHRSGDRLZKKDRSOQHLDSVN
UFYRGQRFCQKYJJCQRNPGKCRUM
TEXQFPQEBPJXIIBPQMOFJBQTL
SDWPEOPDAOIWHHAOPLNEIAPSK
RCVODNOCZNHVGGZNOKMDHZORJ
QBUNCMNBYMGUFFYMNJLCGYNQI
PATMBLMAXLFTEEXLMIKBFXMPH
OZSLAKLZWKESDDWKLHJAEWLOG
NYRKZJKYVJDRCCVJKGIZDVKNF
MXQJYIJXUICQBBUIJFHYCUJME
LWPIXHIWTHBPAATHIEGXBTILD
KVOHWGHVSGAOZZSGHDFWASHKC
JUNGVFGURFZNYYRFGCEVZRGJB
ITMFUEFTQEYMXXQEFBDUYQFIA
HSLETDESPDXLWWPDEACTXPEHZ
GRKDSCDROCWKVVOCDZBSWODGY
FQJCRBCQNBVJUUNBCYARVNCFX
EPIBQABPMAUITTMABXZQUMBEW
DOHAPZAOLZTHSSLZAWYPTLADV
CNGZOYZNKYSGRRKYZVXOSKZCU
BMFYNXYMJXRFQQJXYUWNRJYBT
ALEXMWXLIWQEPPIWXTVMQIXAS
ZKDWLVWKHVPDOOHVWSULPHWZR
YJCVKUVJGUOCNNGUVRTKOGVYQ
XIBUJTUIFTNBMMFTUQSJNFUXP
WHATISTHESMALLESTPRIMETWO
