ALEXMWXLIPSRKIWXVMZIVSRIEVXLEQEDSR
ZKDWLVWKHORQJHVWULYHURQHDUWKDPDCRQ
YJCVKUVJGNQPIGUVTKXGTQPGCTVJCOCBQP
XIBUJTUIFMPOHFTUSJWFSPOFBSUIBNBAPO
WHATISTHELONGESTRIVERONEARTHAMAZON
VGZSHRSGDKNMFDRSQHUDQNMDZQSGZLZYNM
UFYRGQRFCJMLECQRPGTCPMLCYPRFYKYXML
TEXQFPQEBILKDBPQOFSBOLKBXOQEXJXWLK
SDWPEOPDAHKJCAOPNERANKJAWNPDWIWVKJ
RCVODNOCZGJIBZNOMDQZMJIZVMOCVHVUJI
QBUNCMNBYFIHAYMNLCPYLIHYULNBUGUTIH
PATMBLMAXEHGZXLMKBOXKHGXTKMATFTSHG
OZSLAKLZWDGFYWKLJANWJGFWSJLZSESRGF
NYRKZJKYVCFEXVJKIZMVIFEVRIKYRDRQFE
MXQJYIJXUBEDWUIJHYLUHEDUQHJXQCQPED
LWPIXHIWTADCVTHIGXKTGDCTPGIWPBPODC
KVOHWGHVSZCBUSGHFWJSFCBSOFHVOAONCB
JUNGVFGURYBATRFGEVIREBARNEGUNZNMBA
ITMFUEFTQXAZSQEFDUHQDAZQMDFTMYMLAZ
HSLETDESPWZYRPDECTGPCZYPLCESLXLKZY
GRKDSCDROVYXQOCDBSFOBYXOKBDRKWKJYX
FQJCRBCQNUXWPNBCARENAXWNJACQJVJIXW
EPIBQABPMTWVOMABZQDMZWVMIZBPIUIHWV
DOHAPZAOLSVUNLZAYPCLYVULHYAOHTHGVU
CNGZOYZNKRUTMKYZXOBKXUTKGXZNGSGFUT
BMFYNXYMJQTSLJXYWNAJWTSJFWYMFRFETS
